0 info it worked if it ends with ok
1 verbose cli [ '/home/roberto/.nvm/versions/node/v5.2.0/bin/node',
1 verbose cli   '/home/roberto/.nvm/versions/node/v5.2.0/bin/npm',
1 verbose cli   'start' ]
2 info using npm@3.8.8
3 info using node@v5.2.0
4 verbose run-script [ 'prestart', 'start', 'poststart' ]
5 info lifecycle redux-todos-example@0.0.0~prestart: redux-todos-example@0.0.0
6 silly lifecycle redux-todos-example@0.0.0~prestart: no script for prestart, continuing
7 info lifecycle redux-todos-example@0.0.0~start: redux-todos-example@0.0.0
8 verbose lifecycle redux-todos-example@0.0.0~start: unsafe-perm in lifecycle true
9 verbose lifecycle redux-todos-example@0.0.0~start: PATH: /home/roberto/.nvm/versions/node/v5.2.0/lib/node_modules/npm/bin/node-gyp-bin:/home/roberto/.coding/redux-moje/todos-with-remove/node_modules/.bin:/home/roberto/.nvm/versions/node/v5.2.0/bin:/home/roberto/.nvm/versions/node/v5.2.0/bin:/home/roberto/.local/share/umake/bin:/home/roberto/bin:/usr/local/sbin:/usr/local/bin:/usr/sbin:/usr/bin:/sbin:/bin:/usr/games:/usr/local/games:/snap/bin
10 verbose lifecycle redux-todos-example@0.0.0~start: CWD: /home/roberto/.coding/redux-moje/todos-with-remove
11 silly lifecycle redux-todos-example@0.0.0~start: Args: [ '-c', 'node server.js' ]
12 silly lifecycle redux-todos-example@0.0.0~start: Returned: code: 1  signal: null
13 info lifecycle redux-todos-example@0.0.0~start: Failed to exec start script
14 verbose stack Error: redux-todos-example@0.0.0 start: `node server.js`
14 verbose stack Exit status 1
14 verbose stack     at EventEmitter.<anonymous> (/home/roberto/.nvm/versions/node/v5.2.0/lib/node_modules/npm/lib/utils/lifecycle.js:244:16)
14 verbose stack     at emitTwo (events.js:88:13)
14 verbose stack     at EventEmitter.emit (events.js:173:7)
14 verbose stack     at ChildProcess.<anonymous> (/home/roberto/.nvm/versions/node/v5.2.0/lib/node_modules/npm/lib/utils/spawn.js:24:14)
14 verbose stack     at emitTwo (events.js:88:13)
14 verbose stack     at ChildProcess.emit (events.js:173:7)
14 verbose stack     at maybeClose (internal/child_process.js:819:16)
14 verbose stack     at Process.ChildProcess._handle.onexit (internal/child_process.js:212:5)
15 verbose pkgid redux-todos-example@0.0.0
16 verbose cwd /home/roberto/.coding/redux-moje/todos-with-remove/containers
17 error Linux 4.4.0-22-generic
18 error argv "/home/roberto/.nvm/versions/node/v5.2.0/bin/node" "/home/roberto/.nvm/versions/node/v5.2.0/bin/npm" "start"
19 error node v5.2.0
20 error npm  v3.8.8
21 error code ELIFECYCLE
22 error redux-todos-example@0.0.0 start: `node server.js`
22 error Exit status 1
23 error Failed at the redux-todos-example@0.0.0 start script 'node server.js'.
23 error Make sure you have the latest version of node.js and npm installed.
23 error If you do, this is most likely a problem with the redux-todos-example package,
23 error not with npm itself.
23 error Tell the author that this fails on your system:
23 error     node server.js
23 error You can get information on how to open an issue for this project with:
23 error     npm bugs redux-todos-example
23 error Or if that isn't available, you can get their info via:
23 error     npm owner ls redux-todos-example
23 error There is likely additional logging output above.
24 verbose exit [ 1, true ]
